Arguments: 
  C:\Program Files\nodejs\node.exe C:\Users\索怡恒\AppData\Roaming\npm\node_modules\yarn\bin\yarn.js init

PATH: 
  C:\Users\索怡恒\bin;D:\Git\mingw64\bin;D:\Git\usr\local\bin;D:\Git\usr\bin;D:\Git\usr\bin;D:\Git\mingw64\bin;D:\Git\usr\bin;C:\Users\索怡恒\bin;C:\Program Files (x86)\Common Files\Intel\Shared Libraries\redist\intel64\compiler;D:\QQ\Bin;D:\VMware pro\bin;C:\Program Files\Common Files\Oracle\Java\javapath;C:\Windows\System32\HWAudioDriverLibs;C:\Windows\system32;C:\Windows;C:\Windows\System32\Wbem;C:\Windows\System32\WindowsPowerShell\v1.0;C:\Windows\System32\OpenSSH;C:\Users\Administrator\AppData\Local\Microsoft\WindowsApps;D:\Jdk17\bin;D:\Jdk17\jre\bin;C:\WINDOWS\system32;C:\WINDOWS;C:\WINDOWS\System32\Wbem;C:\WINDOWS\System32\WindowsPowerShell\v1.0;C:\WINDOWS\System32\OpenSSH;C:\Program Files\nodejs;C:\Program Files\StarUML;C:\rogram Files\Pandoc;C:\Program Files\Google\Chrome\Application;C:\Program Files (x86)\Microsoft\Edge\Application;it\cmd;D:\Git\cmd;C:\Program Files\MySQL\MySQL Server 8.0\bin;D:\apache-tomcat\bin和D;D:\Git\apache-tomcat\lib;D:\微信web开发者工具\dll;C:\Program Files\dotnet;C:\Program Files\MySQL\MySQL Shell 8.0\bin;D:\Python\Scripts;D:\Python;C:\Users\索怡恒\AppData\Local\Microsoft\WindowsApps;D:\Visual Studio Code\Microsoft VS Code\bin;D:\PHP ON\PHP\PhpStorm 2020.1\bin;D:\WebStorm 2020.1\bin;C:\Users\索怡恒\.dotnet\tools;C:\Users\索怡恒\AppData\Roaming\npm;C:\Users\索怡恒\AppData\Local\JetBrains\Toolbox\scripts;D:\WebStorm 2022.2.3\bin;D:\idea专业版\IntelliJ IDEA 2022.2.3\bin;D:\DataGrip 2022.2.5\bin;C:\Users\索怡恒\.dotnet\tools;D:\clion\CLion 2023.1.1\bin;D:\Git\usr\bin\vendor_perl;D:\Git\usr\bin\core_perl

Yarn version: 
  1.22.19

Node version: 
  16.17.1

Platform: 
  win32 x64

Trace: 
  Error: Can't answer a question unless a user TTY
      at ConsoleReporter.question (C:\Users\索怡恒\AppData\Roaming\npm\node_modules\yarn\lib\cli.js:92864:59)
      at Object.<anonymous> (C:\Users\索怡恒\AppData\Roaming\npm\node_modules\yarn\lib\cli.js:85054:38)
      at Generator.next (<anonymous>)
      at step (C:\Users\索怡恒\AppData\Roaming\npm\node_modules\yarn\lib\cli.js:310:30)
      at C:\Users\索怡恒\AppData\Roaming\npm\node_modules\yarn\lib\cli.js:321:13

npm manifest: 
  No manifest

yarn manifest: 
  No manifest

Lockfile: 
  No lockfile
